<?xml version="1.0" encoding="UTF-8"?>
<!-- Generated by org.testng.reporters.JUnitReportReporter -->
<testsuite hostname="DESKTOP-5RK9T99" failures="0" tests="1" name="com.project.bachthree.automation.qa.tests.IframeTest" time="7.845" errors="0" timestamp="2024-09-23T16:46:44 NPT" skipped="0">
  <testcase classname="com.project.bachthree.automation.qa.tests.IframeTest" name="verifyRegisterTest" time="7.845"/>
  <system-out>
    <![CDATA[Iframe automation test Case Done]]>
  </system-out>
</testsuite> <!-- com.project.bachthree.automation.qa.tests.IframeTest -->
