<?xml version="1.0" encoding="UTF-8"?>
<!-- Generated by org.testng.reporters.JUnitReportReporter -->
<testsuite hostname="DESKTOP-5RK9T99" failures="0" tests="2" name="com.project.bachthree.automation.qa.tests.TotalQAHomePageCheckBoxClickTest" time="67.403" errors="0" timestamp="2024-11-11T15:53:11 NPT" skipped="0">
  <testcase classname="com.project.bachthree.automation.qa.tests.TotalQAHomePageCheckBoxClickTest" name="verifyAllClicksOnCheckBoxes" time="48.006"/>
  <system-out>
    <![CDATA[Totalqa Testcase Done!]]>
  </system-out>
  <testcase classname="com.project.bachthree.automation.qa.tests.TotalQAHomePageCheckBoxClickTest" name="verifyAllClicksOnCheckBoxes" time="19.397"/>
  <system-out>
    <![CDATA[Totalqa Testcase Done!]]>
  </system-out>
</testsuite> <!-- com.project.bachthree.automation.qa.tests.TotalQAHomePageCheckBoxClickTest -->
