<?xml version="1.0" encoding="UTF-8"?>
<!-- Generated by org.testng.reporters.JUnitReportReporter -->
<testsuite hostname="DESKTOP-5RK9T99" failures="0" tests="1" name="com.project.bachthree.automation.qa.tests.RegisterTest" time="17.553" errors="0" timestamp="2024-11-11T18:21:15 NPT" skipped="0">
  <testcase classname="com.project.bachthree.automation.qa.tests.RegisterTest" name="verifyRegisterTest" time="17.553"/>
  <system-out>
Before Finding ElementBy.xpath: //input[@name='vfb-5'] Before sending any values to input field[[ChromeDriver: chrome on windows (eb692e6fb2e18d8c4539ee2a2c3302fd)] -> xpath: //input[@name='vfb-5']] Before Finding ElementBy.xpath: //input[@name='vfb-7'] Before sending any values to input field[[ChromeDriver: chrome on windows (eb692e6fb2e18d8c4539ee2a2c3302fd)] -> xpath: //input[@name='vfb-7']] Before Finding ElementBy.xpath: //input[@value='Male'] Before Clicking:[[ChromeDriver: chrome on windows (eb692e6fb2e18d8c4539ee2a2c3302fd)] -> xpath: //input[@value='Male']] After Clicking:[[ChromeDriver: chrome on windows (eb692e6fb2e18d8c4539ee2a2c3302fd)] -> xpath: //input[@value='Male']] register testcase Done!  </system-out>
</testsuite> <!-- com.project.bachthree.automation.qa.tests.RegisterTest -->
